<?xml version="1.0" encoding="UTF-8"?>
<testng-results skipped="0" failed="0" total="1" passed="1">
  <reporter-output>
  </reporter-output>
  <suite name="Default suite" duration-ms="11108" started-at="2020-06-15T06:42:33Z" finished-at="2020-06-15T06:42:44Z">
    <groups>
    </groups>
    <test name="Default test" duration-ms="11108" started-at="2020-06-15T06:42:33Z" finished-at="2020-06-15T06:42:44Z">
      <class name="GETPartnerHistory">
        <test-method status="PASS" signature="partnerHistory()[pri:0, instance:GETPartnerHistory@1b40d5f0]" name="partnerHistory" duration-ms="11092" started-at="2020-06-15T12:12:33Z" finished-at="2020-06-15T12:12:44Z">
          <reporter-output>
          </reporter-output>
        </test-method> <!-- partnerHistory -->
      </class> <!-- GETPartnerHistory -->
    </test> <!-- Default test -->
  </suite> <!-- Default suite -->
</testng-results>
